<?xml version="1.0" encoding="UTF-8"?>
<!-- Generated by org.testng.reporters.JUnitReportReporter -->
<testsuite hostname="Dipeeka" failures="0" tests="2" name="SeleniumPractice.DDTDemo" time="8.137" errors="0" timestamp="2024-07-24T20:37:28 IST" skipped="0">
  <testcase classname="SeleniumPractice.DDTDemo" name="verifyLogin" time="3.639"/>
  <system-out/>
  <testcase classname="SeleniumPractice.DDTDemo" name="verifyLogin" time="4.498"/>
  <system-out/>
</testsuite> <!-- SeleniumPractice.DDTDemo -->
