<?xml version="1.0" encoding="UTF-8"?>
<!-- Generated by org.testng.reporters.JUnitReportReporter -->
<testsuite hostname="Dipeeka" failures="0" tests="3" name="CCC.Demo" time="0.008" errors="0" timestamp="2024-07-21T14:15:30 IST" skipped="0">
  <testcase classname="CCC.Demo" name="login" time="0.006"/>
  <system-out/>
  <testcase classname="CCC.Demo" name="register" time="0.001"/>
  <system-out/>
  <testcase classname="CCC.Demo" name="search" time="0.001"/>
  <system-out/>
</testsuite> <!-- CCC.Demo -->
